        -:    0:Source:cardtest1.c
        -:    0:Graph:cardtest1.gcno
        -:    0:Data:cardtest1.gcda
        -:    0:Runs:1
        -:    0:Programs:1
        -:    1:#include "dominion.h"
        -:    2:#include "dominion_helpers.h"
        -:    3:#include "cardEffects.h"
        -:    4:#include <stdio.h>
        -:    5:#include "rngs.h"
        -:    6:#include <stdlib.h>
        -:    7:#include <string.h>
        -:    8:
        -:    9:#define CARD "SMITHY"
        -:   10:
        1:   11:int main() {
        -:   12:	//initial values to initialize game
        1:   13:	int seed = 99;
        -:   14:	struct gameState game;
        1:   15:	int choice1 = 1, 
        1:   16:		choice2 = 0, 
        1:   17:		choice3 = 0;
        1:   18:	int k[10] = { adventurer, smithy, village, minion, mine, cutpurse, gardens, tribute, feast, outpost };
        1:   19:	int numPlayers = 2;
        -:   20:
        -:   21:	//initialize a gamestate. This will be copied and mannipulated for each test.
        1:   22:	initializeGame(numPlayers, k, seed, &game);
        -:   23:
        1:   24:	int currentHandcount = game.handCount[0];
        1:   25:	int currentDeckCount = game.deckCount[0];
        1:   26:	int draw = 3;
        1:   27:	int discard = 1;
        -:   28:
        -:   29:
        1:   30:	printf("---------------------STARTING %s TESTS----------------------\n", CARD);
        1:   31:	printf("TEST 1: ADDING 3 TREASURE CARDS\n");
        1:   32:	int allAssertsPassed = 1; //set to 0 if an assert fails
        1:   33:	int assertCount = 1;
        -:   34:
        1:   35:	int expectedHand = currentHandcount + draw - discard;
        -:   36:
        1:   37:	cardEffect(smithy, choice1, choice2, choice3, &game, 0, 0);
        1:   38:	printf("Current hand count: %d\nExpected hand count: %d\n", game.handCount[0], expectedHand);
        1:   39:	if (!assertTrue(expectedHand, game.handCount[0], &assertCount))
        1:   40:		allAssertsPassed = 0;
        1:   41:	assertCount++;
        -:   42:
        1:   43:	int expectedDeck = currentDeckCount - draw;
        -:   44:
        1:   45:	printf("TEST 2: CHECKING DECK COUNT \n");
        1:   46:	printf("Current deck count: %d\nExpected deck count: %d\n", game.deckCount[0], expectedDeck);
        1:   47:	if (!assertTrue(expectedDeck, game.deckCount[0], &assertCount))
        1:   48:		allAssertsPassed = 0;
        -:   49:
        1:   50:	if (allAssertsPassed)
    #####:   51:		printf("----------------------ALL %s TESTS PASSED-----------------------\n", CARD);
        -:   52:	else
        1:   53:		printf("----------------------SOME %s TESTS FAILED-----------------------------------\n", CARD);
        -:   54:
        1:   55:	return 0;
        -:   56:}
