        -:    0:Source:unittest4.c
        -:    0:Graph:unittest4.gcno
        -:    0:Data:unittest4.gcda
        -:    0:Runs:5
        -:    0:Programs:1
        -:    1:#include "dominion.h"
        -:    2:#include "dominion_helpers.h"
        -:    3:#include "cardEffects.h"
        -:    4:#include <stdio.h>
        -:    5:#include "rngs.h"
        -:    6:#include <stdlib.h>
        -:    7:#include <string.h>
        -:    8:
        -:    9:#define FNAME "DISCARD"
        -:   10:
        5:   11:int main() {
        5:   12:	int allAssertsPassed = 1;
        5:   13:	int seed = 99;
        -:   14:	struct gameState game;
        5:   15:	int k[10] = { adventurer, smithy, village, minion, mine, cutpurse, gardens, tribute, feast, outpost };
        5:   16:	int numPlayers = 2;
        -:   17:
        5:   18:	initializeGame(numPlayers, k, seed, &game);
        -:   19:
        5:   20:	printf("---------------------STARTING %s TESTS----------------------\n", FNAME);
        5:   21:	printf("TEST 1\n");
        5:   22:	printf("STARTING GAME... WITH 5 CARDS IN HAND.\n");
        5:   23:	printf("THERE ARE %d CARDS\n", game.handCount[0]);
        -:   24:	
        5:   25:	int expected = 4;
        5:   26:	int sameVal = 1;
        -:   27:
       35:   28:	while (game.handCount[0] > 0) {
       25:   29:		printf("DISCARDING CARD. THERE SHOULD BE %d CARDS NOW.\n", expected);
       25:   30:		discardCard(0, 0, &game, 0);
       25:   31:		printf("YOU HAVE %d CARDS\n", game.handCount[0]);
       25:   32:		if (game.handCount[0] != expected) {
    #####:   33:			sameVal = 0;
    #####:   34:			allAssertsPassed = 0;
        -:   35:		}
       25:   36:		expected--;
        -:   37:
        -:   38:	}
        -:   39:
        5:   40:	if (sameVal)
        5:   41:		printf("TEST PASSED\n");
        -:   42:
        5:   43:	if (allAssertsPassed)
        5:   44:		printf("----------------------ALL %s TESTS PASSED-----------------------\n", FNAME);
        -:   45:	else
    #####:   46:		printf("----------------------SOME %s TESTS FAILED-----------------------------------\n", FNAME);
        -:   47:
        5:   48:	return 0;
        -:   49:}
