        -:    0:Source:unittest3.c
        -:    0:Graph:unittest3.gcno
        -:    0:Data:unittest3.gcda
        -:    0:Runs:1
        -:    0:Programs:1
        -:    1:#include "dominion.h"
        -:    2:#include "dominion_helpers.h"
        -:    3:#include "cardEffects.h"
        -:    4:#include <stdio.h>
        -:    5:#include "rngs.h"
        -:    6:#include <stdlib.h>
        -:    7:#include <string.h>
        -:    8:
        -:    9:#define FNAME "DRAWCARD"
        -:   10:
        -:   11:
        1:   12:int main() {
        1:   13:	int allAssertsPassed = 1;
        1:   14:	int seed = 99;
        -:   15:	struct gameState game;
        1:   16:	int k[10] = { adventurer, smithy, village, minion, mine, cutpurse, gardens, tribute, feast, outpost };
        1:   17:	int numPlayers = 2;
        -:   18:
        1:   19:	initializeGame(numPlayers, k, seed, &game);
        -:   20:
        1:   21:	printf("---------------------STARTING %s TESTS----------------------\n", FNAME);
        1:   22:	printf("TEST 1\n");
        1:   23:	printf("STARTING GAME... WITH 5 CARDS IN HAND.\n");
        1:   24:	printf("THERE ARE %d CARDS\n", game.handCount[0]);
        1:   25:	if (game.handCount[0] != 5) {
    #####:   26:		allAssertsPassed = 0;
    #####:   27:		printf("TEST FAILED\n");
        -:   28:	}
        1:   29:	else printf("TEST PASSED\n");
        -:   30:
        1:   31:	printf("TEST 2\n");
        1:   32:	printf("ADDING 1 CARD. EXPECTING 6 CARDS.\n");
        1:   33:	drawCard(0, &game);
        1:   34:	printf("THERE ARE %d CARDS\n", game.handCount[0]);
        1:   35:	if (game.handCount[0] != 6) {
    #####:   36:		allAssertsPassed = 0;
    #####:   37:		printf("TEST FAILED\n");
        -:   38:	}
        1:   39:	else printf("TEST PASSED\n");
        -:   40:
        1:   41:	printf("TEST 3\n");
        1:   42:	printf("ADDING 1 CARD. EXPECTING 7 CARDS.\n");
        1:   43:	drawCard(0, &game);
        1:   44:	printf("THERE ARE %d CARDS\n", game.handCount[0]);
        1:   45:	if (game.handCount[0] != 7) {
    #####:   46:		allAssertsPassed = 0;
    #####:   47:		printf("TEST FAILED\n");
        -:   48:	}
        1:   49:	else printf("TEST PASSED\n");
        -:   50:
        1:   51:	if (allAssertsPassed)
        1:   52:		printf("----------------------ALL %s TESTS PASSED-----------------------\n", FNAME);
        -:   53:	else
    #####:   54:		printf("----------------------SOME %s TESTS FAILED-----------------------------------\n", FNAME);
        -:   55:
        1:   56:	return 0;
        -:   57:}
